  C_plus_Vasiliev.cpp
C:\Users\reter\source\repos\C_plus_Vasiliev\C_plus_Vasiliev\C_plus_Vasiliev.cpp(10,6): warning C4101: result: неиспользованная локальная переменная
C:\Users\reter\source\repos\C_plus_Vasiliev\C_plus_Vasiliev\C_plus_Vasiliev.cpp(18,6): warning C4101: result: неиспользованная локальная переменная
C:\Users\reter\source\repos\C_plus_Vasiliev\C_plus_Vasiliev\C_plus_Vasiliev.cpp(47,12): warning C4244: аргумент: преобразование "time_t" в "unsigned int", возможна потеря данных
C:\Users\reter\source\repos\C_plus_Vasiliev\C_plus_Vasiliev\C_plus_Vasiliev.cpp(77,6): error C2086: int res: переопределение
C:\Users\reter\source\repos\C_plus_Vasiliev\C_plus_Vasiliev\C_plus_Vasiliev.cpp(77,16): error C2086: int num1: переопределение
C:\Users\reter\source\repos\C_plus_Vasiliev\C_plus_Vasiliev\C_plus_Vasiliev.cpp(100,14): warning C4305: инициализация: усечение из "double" в "float"
C:\Users\reter\source\repos\C_plus_Vasiliev\C_plus_Vasiliev\C_plus_Vasiliev.cpp(108,8): error C2086: float fathom: переопределение
C:\Users\reter\source\repos\C_plus_Vasiliev\C_plus_Vasiliev\C_plus_Vasiliev.cpp(108,25): error C2086: float result: переопределение
C:\Users\reter\source\repos\C_plus_Vasiliev\C_plus_Vasiliev\C_plus_Vasiliev.cpp(109,16): warning C4305: инициализация: усечение из "double" в "float"
C:\Users\reter\source\repos\C_plus_Vasiliev\C_plus_Vasiliev\C_plus_Vasiliev.cpp(165,6): error C2371: result: переопределение; различные базовые типы
C:\Users\reter\source\repos\C_plus_Vasiliev\C_plus_Vasiliev\C_plus_Vasiliev.cpp(166,89): error C2088: встроенный оператор "<<" не может быть применен к операнду типа "std::basic_ostream<char,std::char_traits<char>>"
C:\Users\reter\source\repos\C_plus_Vasiliev\C_plus_Vasiliev\C_plus_Vasiliev.cpp(173,8): error C2086: float result: переопределение
C:\Users\reter\source\repos\C_plus_Vasiliev\C_plus_Vasiliev\C_plus_Vasiliev.cpp(173,27): warning C4244: аргумент: преобразование "float" в "int", возможна потеря данных
C:\Users\reter\source\repos\C_plus_Vasiliev\C_plus_Vasiliev\C_plus_Vasiliev.cpp(174,89): error C2088: встроенный оператор "<<" не может быть применен к операнду типа "std::basic_ostream<char,std::char_traits<char>>"
C:\Users\reter\source\repos\C_plus_Vasiliev\C_plus_Vasiliev\C_plus_Vasiliev.cpp(178,6): error C2086: int num1: переопределение
C:\Users\reter\source\repos\C_plus_Vasiliev\C_plus_Vasiliev\C_plus_Vasiliev.cpp(178,12): error C2086: int num2: переопределение
C:\Users\reter\source\repos\C_plus_Vasiliev\C_plus_Vasiliev\C_plus_Vasiliev.cpp(183,6): error C2371: result: переопределение; различные базовые типы
C:\Users\reter\source\repos\C_plus_Vasiliev\C_plus_Vasiliev\C_plus_Vasiliev.cpp(184,42): error C2088: встроенный оператор "<<" не может быть применен к операнду типа "std::basic_ostream<char,std::char_traits<char>>"
C:\Users\reter\source\repos\C_plus_Vasiliev\C_plus_Vasiliev\C_plus_Vasiliev.cpp(189,3): error C2371: result: переопределение; различные базовые типы
C:\Users\reter\source\repos\C_plus_Vasiliev\C_plus_Vasiliev\C_plus_Vasiliev.cpp(196,20): warning C4244: =: преобразование "int" в "float", возможна потеря данных
C:\Users\reter\source\repos\C_plus_Vasiliev\C_plus_Vasiliev\C_plus_Vasiliev.cpp(197,8): error C2088: встроенный оператор "<<" не может быть применен к операнду типа "std::ostream"
C:\Users\reter\source\repos\C_plus_Vasiliev\C_plus_Vasiliev\C_plus_Vasiliev.cpp(203,6): error C2086: int nums[5]: переопределение
C:\Users\reter\source\repos\C_plus_Vasiliev\C_plus_Vasiliev\C_plus_Vasiliev.cpp(204,3): error C2371: result: переопределение; различные базовые типы
C:\Users\reter\source\repos\C_plus_Vasiliev\C_plus_Vasiliev\C_plus_Vasiliev.cpp(205,3): error C2374: step: переопределение; множественная инициализация
C:\Users\reter\source\repos\C_plus_Vasiliev\C_plus_Vasiliev\C_plus_Vasiliev.cpp(210,20): warning C4244: =: преобразование "int" в "float", возможна потеря данных
C:\Users\reter\source\repos\C_plus_Vasiliev\C_plus_Vasiliev\C_plus_Vasiliev.cpp(211,8): error C2088: встроенный оператор "<<" не может быть применен к операнду типа "std::ostream"
C:\Users\reter\source\repos\C_plus_Vasiliev\C_plus_Vasiliev\C_plus_Vasiliev.cpp(218,6): error C2086: int res: переопределение
C:\Users\reter\source\repos\C_plus_Vasiliev\C_plus_Vasiliev\C_plus_Vasiliev.cpp(218,11): error C2086: int cyc: переопределение
C:\Users\reter\source\repos\C_plus_Vasiliev\C_plus_Vasiliev\C_plus_Vasiliev.cpp(218,20): error C2086: int num1: переопределение
C:\Users\reter\source\repos\C_plus_Vasiliev\C_plus_Vasiliev\C_plus_Vasiliev.cpp(218,30): error C2374: num2: переопределение; множественная инициализация
C:\Users\reter\source\repos\C_plus_Vasiliev\C_plus_Vasiliev\C_plus_Vasiliev.cpp(242,6): error C2369: mas: переопределение; различные индексы
C:\Users\reter\source\repos\C_plus_Vasiliev\C_plus_Vasiliev\C_plus_Vasiliev.cpp(243,6): error C2374: num: переопределение; множественная инициализация
C:\Users\reter\source\repos\C_plus_Vasiliev\C_plus_Vasiliev\C_plus_Vasiliev.cpp(243,15): error C2086: int res: переопределение
C:\Users\reter\source\repos\C_plus_Vasiliev\C_plus_Vasiliev\C_plus_Vasiliev.cpp(265,6): error C2086: int nums[5]: переопределение
C:\Users\reter\source\repos\C_plus_Vasiliev\C_plus_Vasiliev\C_plus_Vasiliev.cpp(294,6): error C2086: int b: переопределение
C:\Users\reter\source\repos\C_plus_Vasiliev\C_plus_Vasiliev\C_plus_Vasiliev.cpp(306,15): warning C4566: символ, представленный универсальным именем символа "\u00D7", невозможно представить в текущей кодовой странице (1251)
C:\Users\reter\source\repos\C_plus_Vasiliev\C_plus_Vasiliev\C_plus_Vasiliev.cpp(306,15): warning C4566: символ, представленный универсальным именем символа "\u00E8", невозможно представить в текущей кодовой странице (1251)
C:\Users\reter\source\repos\C_plus_Vasiliev\C_plus_Vasiliev\C_plus_Vasiliev.cpp(306,15): warning C4566: символ, представленный универсальным именем символа "\u00F1", невозможно представить в текущей кодовой странице (1251)
C:\Users\reter\source\repos\C_plus_Vasiliev\C_plus_Vasiliev\C_plus_Vasiliev.cpp(306,15): warning C4566: символ, представленный универсальным именем символа "\u00EB", невозможно представить в текущей кодовой странице (1251)
C:\Users\reter\source\repos\C_plus_Vasiliev\C_plus_Vasiliev\C_plus_Vasiliev.cpp(306,15): warning C4566: символ, представленный универсальным именем символа "\u00EE", невозможно представить в текущей кодовой странице (1251)
C:\Users\reter\source\repos\C_plus_Vasiliev\C_plus_Vasiliev\C_plus_Vasiliev.cpp(306,15): warning C4566: символ, представленный универсальным именем символа "\u00D4", невозможно представить в текущей кодовой странице (1251)
C:\Users\reter\source\repos\C_plus_Vasiliev\C_plus_Vasiliev\C_plus_Vasiliev.cpp(306,15): warning C4566: символ, представленный универсальным именем символа "\u00E1", невозможно представить в текущей кодовой странице (1251)
C:\Users\reter\source\repos\C_plus_Vasiliev\C_plus_Vasiliev\C_plus_Vasiliev.cpp(306,15): warning C4566: символ, представленный универсальным именем символа "\u00ED", невозможно представить в текущей кодовой странице (1251)
C:\Users\reter\source\repos\C_plus_Vasiliev\C_plus_Vasiliev\C_plus_Vasiliev.cpp(306,15): warning C4566: символ, представленный универсальным именем символа "\u00E0", невозможно представить в текущей кодовой странице (1251)
C:\Users\reter\source\repos\C_plus_Vasiliev\C_plus_Vasiliev\C_plus_Vasiliev.cpp(306,15): warning C4566: символ, представленный универсальным именем символа "\u00F7", невозможно представить в текущей кодовой странице (1251)
C:\Users\reter\source\repos\C_plus_Vasiliev\C_plus_Vasiliev\C_plus_Vasiliev.cpp(306,54): warning C4566: символ, представленный универсальным именем символа "\u00D7", невозможно представить в текущей кодовой странице (1251)
C:\Users\reter\source\repos\C_plus_Vasiliev\C_plus_Vasiliev\C_plus_Vasiliev.cpp(306,54): warning C4566: символ, представленный универсальным именем символа "\u00E8", невозможно представить в текущей кодовой странице (1251)
C:\Users\reter\source\repos\C_plus_Vasiliev\C_plus_Vasiliev\C_plus_Vasiliev.cpp(306,54): warning C4566: символ, представленный универсальным именем символа "\u00F1", невозможно представить в текущей кодовой странице (1251)
C:\Users\reter\source\repos\C_plus_Vasiliev\C_plus_Vasiliev\C_plus_Vasiliev.cpp(306,54): warning C4566: символ, представленный универсальным именем символа "\u00EB", невозможно представить в текущей кодовой странице (1251)
C:\Users\reter\source\repos\C_plus_Vasiliev\C_plus_Vasiliev\C_plus_Vasiliev.cpp(306,54): warning C4566: символ, представленный универсальным именем символа "\u00EE", невозможно представить в текущей кодовой странице (1251)
C:\Users\reter\source\repos\C_plus_Vasiliev\C_plus_Vasiliev\C_plus_Vasiliev.cpp(306,54): warning C4566: символ, представленный универсальным именем символа "\u00ED", невозможно представить в текущей кодовой странице (1251)
C:\Users\reter\source\repos\C_plus_Vasiliev\C_plus_Vasiliev\C_plus_Vasiliev.cpp(306,54): warning C4566: символ, представленный универсальным именем символа "\u00E5", невозможно представить в текущей кодовой странице (1251)
C:\Users\reter\source\repos\C_plus_Vasiliev\C_plus_Vasiliev\C_plus_Vasiliev.cpp(306,54): warning C4566: символ, представленный универсальным именем символа "\u00FF", невозможно представить в текущей кодовой странице (1251)
C:\Users\reter\source\repos\C_plus_Vasiliev\C_plus_Vasiliev\C_plus_Vasiliev.cpp(306,54): warning C4566: символ, представленный универсальным именем символа "\u00E2", невозможно представить в текущей кодовой странице (1251)
C:\Users\reter\source\repos\C_plus_Vasiliev\C_plus_Vasiliev\C_plus_Vasiliev.cpp(306,54): warning C4566: символ, представленный универсальным именем символа "\u00F2", невозможно представить в текущей кодовой странице (1251)
C:\Users\reter\source\repos\C_plus_Vasiliev\C_plus_Vasiliev\C_plus_Vasiliev.cpp(306,54): warning C4566: символ, представленный универсальным именем символа "\u00F7", невозможно представить в текущей кодовой странице (1251)
C:\Users\reter\source\repos\C_plus_Vasiliev\C_plus_Vasiliev\C_plus_Vasiliev.cpp(306,54): warning C4566: символ, представленный универсальным именем символа "\u00EC", невозможно представить в текущей кодовой странице (1251)
C:\Users\reter\source\repos\C_plus_Vasiliev\C_plus_Vasiliev\C_plus_Vasiliev.cpp(306,54): warning C4566: символ, представленный универсальным именем символа "\u00D4", невозможно представить в текущей кодовой странице (1251)
C:\Users\reter\source\repos\C_plus_Vasiliev\C_plus_Vasiliev\C_plus_Vasiliev.cpp(306,54): warning C4566: символ, представленный универсальным именем символа "\u00E1", невозможно представить в текущей кодовой странице (1251)
C:\Users\reter\source\repos\C_plus_Vasiliev\C_plus_Vasiliev\C_plus_Vasiliev.cpp(306,54): warning C4566: символ, представленный универсальным именем символа "\u00E0", невозможно представить в текущей кодовой странице (1251)
C:\Users\reter\source\repos\C_plus_Vasiliev\C_plus_Vasiliev\C_plus_Vasiliev.cpp(325,11): warning C4566: символ, представленный универсальным именем символа "\u00C2", невозможно представить в текущей кодовой странице (1251)
C:\Users\reter\source\repos\C_plus_Vasiliev\C_plus_Vasiliev\C_plus_Vasiliev.cpp(325,11): warning C4566: символ, представленный универсальным именем символа "\u00E2", невозможно представить в текущей кодовой странице (1251)
C:\Users\reter\source\repos\C_plus_Vasiliev\C_plus_Vasiliev\C_plus_Vasiliev.cpp(325,11): warning C4566: символ, представленный универсальным именем символа "\u00E5", невозможно представить в текущей кодовой странице (1251)
C:\Users\reter\source\repos\C_plus_Vasiliev\C_plus_Vasiliev\C_plus_Vasiliev.cpp(325,11): warning C4566: символ, представленный универсальным именем символа "\u00E4", невозможно представить в текущей кодовой странице (1251)
C:\Users\reter\source\repos\C_plus_Vasiliev\C_plus_Vasiliev\C_plus_Vasiliev.cpp(325,11): warning C4566: символ, представленный универсальным именем символа "\u00ED", невозможно представить в текущей кодовой странице (1251)
C:\Users\reter\source\repos\C_plus_Vasiliev\C_plus_Vasiliev\C_plus_Vasiliev.cpp(325,11): warning C4566: символ, представленный универсальным именем символа "\u00EE", невозможно представить в текущей кодовой странице (1251)
C:\Users\reter\source\repos\C_plus_Vasiliev\C_plus_Vasiliev\C_plus_Vasiliev.cpp(325,11): warning C4566: символ, представленный универсальным именем символа "\u00F0", невозможно представить в текущей кодовой странице (1251)
C:\Users\reter\source\repos\C_plus_Vasiliev\C_plus_Vasiliev\C_plus_Vasiliev.cpp(325,11): warning C4566: символ, представленный универсальным именем символа "\u00F7", невозможно представить в текущей кодовой странице (1251)
C:\Users\reter\source\repos\C_plus_Vasiliev\C_plus_Vasiliev\C_plus_Vasiliev.cpp(325,11): warning C4566: символ, представленный универсальным именем символа "\u00E8", невозможно представить в текущей кодовой странице (1251)
C:\Users\reter\source\repos\C_plus_Vasiliev\C_plus_Vasiliev\C_plus_Vasiliev.cpp(325,11): warning C4566: символ, представленный универсальным именем символа "\u00F1", невозможно представить в текущей кодовой странице (1251)
C:\Users\reter\source\repos\C_plus_Vasiliev\C_plus_Vasiliev\C_plus_Vasiliev.cpp(325,11): warning C4566: символ, представленный универсальным именем символа "\u00EB", невозможно представить в текущей кодовой странице (1251)
C:\Users\reter\source\repos\C_plus_Vasiliev\C_plus_Vasiliev\C_plus_Vasiliev.cpp(331,12): warning C4244: аргумент: преобразование "time_t" в "unsigned int", возможна потеря данных
C:\Users\reter\source\repos\C_plus_Vasiliev\C_plus_Vasiliev\C_plus_Vasiliev.cpp(353,12): warning C4244: аргумент: преобразование "time_t" в "unsigned int", возможна потеря данных
